<?xml version="1.0" encoding="UTF-8"?>
<!-- Generated by org.testng.reporters.JUnitReportReporter -->
<testsuite hostname="udanka" name="com.email.scripts.TestFieldAccessibility" tests="1" failures="0" timestamp="14 May 2015 16:43:48 GMT" time="98.500" errors="0">
  <testcase name="testPasswordReset" time="98.500" classname="com.email.scripts.TestFieldAccessibility"/>
</testsuite> <!-- com.email.scripts.TestFieldAccessibility -->
