<?xml version="1.0" encoding="UTF-8"?>
<!-- Generated by org.testng.reporters.JUnitReportReporter -->
<testsuite hostname="udanka" name="com.email.scripts.TestFieldAccessibility" tests="1" failures="0" timestamp="9 May 2015 18:47:54 GMT" time="78.471" errors="0">
  <testcase name="testPasswordReset" time="78.471" classname="com.email.scripts.TestFieldAccessibility"/>
</testsuite> <!-- com.email.scripts.TestFieldAccessibility -->
