<?xml version="1.0" encoding="UTF-8"?>
<!-- Generated by org.testng.reporters.JUnitReportReporter -->
<testsuite hostname="PC169030" name="com.email.scripts.PasswordReset" tests="1" failures="0" timestamp="9 Jan 2015 10:38:11 GMT" time="2347.752" errors="0">
  <testcase name="testPasswordReset" time="2347.752" classname="com.email.scripts.PasswordReset"/>
</testsuite> <!-- com.email.scripts.PasswordReset -->
