<?xml version="1.0" encoding="UTF-8"?>
<!-- Generated by org.testng.reporters.JUnitReportReporter -->
<testsuite hostname="Udanka" name="com.email.scripts.PasswordReset" tests="1" failures="0" timestamp="9 Dec 2014 17:56:11 GMT" time="91.107" errors="0">
  <testcase name="testPasswordReset" time="91.107" classname="com.email.scripts.PasswordReset"/>
</testsuite> <!-- com.email.scripts.PasswordReset -->
