<?xml version="1.0" encoding="UTF-8"?>
<!-- Generated by org.testng.reporters.JUnitReportReporter -->
<testsuite hostname="Udanka" name="com.email.scripts.EmailResetScript" tests="1" failures="0" timestamp="19 Jan 2015 17:33:07 GMT" time="104.637" errors="0">
  <testcase name="testPasswordReset" time="104.637" classname="com.email.scripts.EmailResetScript"/>
</testsuite> <!-- com.email.scripts.EmailResetScript -->
